[debug] [2018-08-31T14:04:49.220Z] ----------------------------------------------------------------------
[debug] [2018-08-31T14:04:49.220Z] Command:       C:\Program Files\nodejs\node.exe C:\Users\Whyte\AppData\Roaming\npm\node_modules\firebase-tools\bin\firebase serve
[debug] [2018-08-31T14:04:49.220Z] CLI Version:   4.2.0
[debug] [2018-08-31T14:04:49.220Z] Platform:      win32
[debug] [2018-08-31T14:04:49.220Z] Node Version:  v8.11.4
[debug] [2018-08-31T14:04:49.220Z] Time:          Sat Sep 01 2018 00:04:49 GMT+1000 (AUS Eastern Standard Time)
[debug] [2018-08-31T14:04:49.220Z] ----------------------------------------------------------------------
[debug] 
[debug] [2018-08-31T14:04:49.228Z] > command requires scopes: ["email","openid","https://www.googleapis.com/auth/cloudplatformprojects.readonly","https://www.googleapis.com/auth/firebase","https://www.googleapis.com/auth/cloud-platform"]
[debug] [2018-08-31T14:04:49.228Z] > authorizing via signed-in user
[debug] [2018-08-31T14:04:49.238Z] >>> HTTP REQUEST GET https://admin.firebase.com/v1/projects/utssupply-stationery  
 
[debug] [2018-08-31T14:04:50.458Z] <<< HTTP RESPONSE 200
[debug] [2018-08-31T14:04:50.458Z] >>> HTTP REQUEST GET https://cloudresourcemanager.googleapis.com/v1/projects/utssupply-stationery  
 
[debug] [2018-08-31T14:04:51.910Z] <<< HTTP RESPONSE 200
[info] 
[info] === Serving from 'C:\Users\Whyte\Desktop\Bachelor of Science in Information Technology\Software Engineering Practice\UTSupply Stationery'...
[info] 
[debug] [2018-08-31T14:04:51.911Z] >>> HTTP REQUEST GET https://mobilesdk-pa.googleapis.com/v1/projects/333420959904/clients/_:getWebAppConfig  
 
[debug] [2018-08-31T14:04:52.611Z] <<< HTTP RESPONSE 200
[info] i  hosting[utssupply-stationery]: Serving hosting files from: public
[info] +  hosting[utssupply-stationery]: Local server: http://localhost:5000
[debug] [2018-09-01T14:04:07.697Z] ----------------------------------------------------------------------
[debug] [2018-09-01T14:04:07.697Z] Command:       C:\Program Files\nodejs\node.exe C:\Users\Whyte\AppData\Roaming\npm\node_modules\firebase-tools\bin\firebase serve
[debug] [2018-09-01T14:04:07.697Z] CLI Version:   4.2.0
[debug] [2018-09-01T14:04:07.697Z] Platform:      win32
[debug] [2018-09-01T14:04:07.697Z] Node Version:  v8.11.4
[debug] [2018-09-01T14:04:07.697Z] Time:          Sun Sep 02 2018 00:04:07 GMT+1000 (AUS Eastern Standard Time)
[debug] [2018-09-01T14:04:07.697Z] ----------------------------------------------------------------------
[debug] 
[debug] [2018-09-01T14:04:07.729Z] > command requires scopes: ["email","openid","https://www.googleapis.com/auth/cloudplatformprojects.readonly","https://www.googleapis.com/auth/firebase","https://www.googleapis.com/auth/cloud-platform"]
[debug] [2018-09-01T14:04:07.729Z] > authorizing via signed-in user
[debug] [2018-09-01T14:04:07.744Z] > refreshing access token with scopes: ["email","https://www.googleapis.com/auth/cloud-platform","https://www.googleapis.com/auth/cloudplatformprojects.readonly","https://www.googleapis.com/auth/firebase","openid"]
[debug] [2018-09-01T14:04:07.744Z] >>> HTTP REQUEST POST https://www.googleapis.com/oauth2/v3/token  

[debug] [2018-09-01T14:04:08.167Z] <<< HTTP RESPONSE 200
[debug] [2018-09-01T14:04:08.213Z] >>> HTTP REQUEST GET https://admin.firebase.com/v1/projects/utssupply-stationery  
 
[debug] [2018-09-01T14:04:09.682Z] <<< HTTP RESPONSE 200
[debug] [2018-09-01T14:04:09.682Z] >>> HTTP REQUEST GET https://cloudresourcemanager.googleapis.com/v1/projects/utssupply-stationery  
 
[debug] [2018-09-01T14:04:11.245Z] <<< HTTP RESPONSE 200
[info] 
[info] === Serving from 'C:\Users\Whyte\Desktop\Bachelor of Science in Information Technology\Software Engineering Practice\UTSupply Stationery'...
[info] 
[debug] [2018-09-01T14:04:11.245Z] >>> HTTP REQUEST GET https://mobilesdk-pa.googleapis.com/v1/projects/333420959904/clients/_:getWebAppConfig  
 
[debug] [2018-09-01T14:04:12.167Z] <<< HTTP RESPONSE 200
[info] i  hosting[utssupply-stationery]: Serving hosting files from: public
[info] +  hosting[utssupply-stationery]: Local server: http://localhost:5000
[debug] [2018-09-01T14:08:16.151Z] ----------------------------------------------------------------------
[debug] [2018-09-01T14:08:16.151Z] Command:       C:\Program Files\nodejs\node.exe C:\Users\Whyte\AppData\Roaming\npm\node_modules\firebase-tools\bin\firebase serve
[debug] [2018-09-01T14:08:16.151Z] CLI Version:   4.2.0
[debug] [2018-09-01T14:08:16.151Z] Platform:      win32
[debug] [2018-09-01T14:08:16.151Z] Node Version:  v8.11.4
[debug] [2018-09-01T14:08:16.151Z] Time:          Sun Sep 02 2018 00:08:16 GMT+1000 (AUS Eastern Standard Time)
[debug] [2018-09-01T14:08:16.151Z] ----------------------------------------------------------------------
[debug] 
[debug] [2018-09-01T14:08:16.167Z] > command requires scopes: ["email","openid","https://www.googleapis.com/auth/cloudplatformprojects.readonly","https://www.googleapis.com/auth/firebase","https://www.googleapis.com/auth/cloud-platform"]
[debug] [2018-09-01T14:08:16.167Z] > authorizing via signed-in user
[debug] [2018-09-01T14:08:16.167Z] >>> HTTP REQUEST GET https://admin.firebase.com/v1/projects/utssupply-stationery  
 
[debug] [2018-09-01T14:08:17.151Z] <<< HTTP RESPONSE 200
[debug] [2018-09-01T14:08:17.151Z] >>> HTTP REQUEST GET https://cloudresourcemanager.googleapis.com/v1/projects/utssupply-stationery  
 
[debug] [2018-09-01T14:08:18.542Z] <<< HTTP RESPONSE 200
[info] 
[info] === Serving from 'C:\Users\Whyte\Desktop\Bachelor of Science in Information Technology\Software Engineering Practice\UTSupply Stationery'...
[info] 
[debug] [2018-09-01T14:08:18.557Z] >>> HTTP REQUEST GET https://mobilesdk-pa.googleapis.com/v1/projects/333420959904/clients/_:getWebAppConfig  
 
[debug] [2018-09-01T14:08:19.370Z] <<< HTTP RESPONSE 200
[info] i  hosting[utssupply-stationery]: Serving hosting files from: public
[info] +  hosting[utssupply-stationery]: Local server: http://localhost:5000
[debug] [2018-09-01T14:10:25.215Z] ----------------------------------------------------------------------
[debug] [2018-09-01T14:10:25.215Z] Command:       C:\Program Files\nodejs\node.exe C:\Users\Whyte\AppData\Roaming\npm\node_modules\firebase-tools\bin\firebase serve
[debug] [2018-09-01T14:10:25.215Z] CLI Version:   4.2.0
[debug] [2018-09-01T14:10:25.215Z] Platform:      win32
[debug] [2018-09-01T14:10:25.215Z] Node Version:  v8.11.4
[debug] [2018-09-01T14:10:25.215Z] Time:          Sun Sep 02 2018 00:10:25 GMT+1000 (AUS Eastern Standard Time)
[debug] [2018-09-01T14:10:25.215Z] ----------------------------------------------------------------------
[debug] 
[debug] [2018-09-01T14:10:25.230Z] > command requires scopes: ["email","openid","https://www.googleapis.com/auth/cloudplatformprojects.readonly","https://www.googleapis.com/auth/firebase","https://www.googleapis.com/auth/cloud-platform"]
[debug] [2018-09-01T14:10:25.230Z] > authorizing via signed-in user
[debug] [2018-09-01T14:10:25.230Z] >>> HTTP REQUEST GET https://admin.firebase.com/v1/projects/utssupply-stationery  
 
[debug] [2018-09-01T14:10:26.387Z] <<< HTTP RESPONSE 200
[debug] [2018-09-01T14:10:26.387Z] >>> HTTP REQUEST GET https://cloudresourcemanager.googleapis.com/v1/projects/utssupply-stationery  
 
[debug] [2018-09-01T14:10:27.858Z] <<< HTTP RESPONSE 200
[info] 
[info] === Serving from 'C:\Users\Whyte\Desktop\Bachelor of Science in Information Technology\Software Engineering Practice\UTSupply Stationery'...
[info] 
[debug] [2018-09-01T14:10:27.874Z] >>> HTTP REQUEST GET https://mobilesdk-pa.googleapis.com/v1/projects/333420959904/clients/_:getWebAppConfig  
 
[debug] [2018-09-01T14:10:28.608Z] <<< HTTP RESPONSE 200
[info] i  hosting[utssupply-stationery]: Serving hosting files from: public
[info] +  hosting[utssupply-stationery]: Local server: http://localhost:5000
[debug] [2018-09-02T03:10:13.428Z] ----------------------------------------------------------------------
[debug] [2018-09-02T03:10:13.428Z] Command:       C:\Program Files\nodejs\node.exe C:\Users\Whyte\AppData\Roaming\npm\node_modules\firebase-tools\bin\firebase serve
[debug] [2018-09-02T03:10:13.428Z] CLI Version:   4.2.0
[debug] [2018-09-02T03:10:13.428Z] Platform:      win32
[debug] [2018-09-02T03:10:13.428Z] Node Version:  v8.11.4
[debug] [2018-09-02T03:10:13.428Z] Time:          Sun Sep 02 2018 13:10:13 GMT+1000 (AUS Eastern Standard Time)
[debug] [2018-09-02T03:10:13.428Z] ----------------------------------------------------------------------
[debug] 
[debug] [2018-09-02T03:10:13.443Z] > command requires scopes: ["email","openid","https://www.googleapis.com/auth/cloudplatformprojects.readonly","https://www.googleapis.com/auth/firebase","https://www.googleapis.com/auth/cloud-platform"]
[debug] [2018-09-02T03:10:13.443Z] > authorizing via signed-in user
[debug] [2018-09-02T03:10:13.443Z] > refreshing access token with scopes: ["email","https://www.googleapis.com/auth/cloud-platform","https://www.googleapis.com/auth/cloudplatformprojects.readonly","https://www.googleapis.com/auth/firebase","openid"]
[debug] [2018-09-02T03:10:13.443Z] >>> HTTP REQUEST POST https://www.googleapis.com/oauth2/v3/token  

[debug] [2018-09-02T03:10:14.145Z] <<< HTTP RESPONSE 200
[debug] [2018-09-02T03:10:14.192Z] >>> HTTP REQUEST GET https://admin.firebase.com/v1/projects/utssupply-stationery  
 
[debug] [2018-09-02T03:10:15.534Z] <<< HTTP RESPONSE 200
[debug] [2018-09-02T03:10:15.534Z] >>> HTTP REQUEST GET https://cloudresourcemanager.googleapis.com/v1/projects/utssupply-stationery  
 
[debug] [2018-09-02T03:10:17.227Z] <<< HTTP RESPONSE 200
[info] 
[info] === Serving from 'C:\Users\Whyte\Desktop\Bachelor of Science in Information Technology\Software Engineering Practice\UTSupply Stationery'...
[info] 
[debug] [2018-09-02T03:10:17.227Z] >>> HTTP REQUEST GET https://mobilesdk-pa.googleapis.com/v1/projects/333420959904/clients/_:getWebAppConfig  
 
[debug] [2018-09-02T03:10:18.154Z] <<< HTTP RESPONSE 200
[info] i  hosting[utssupply-stationery]: Serving hosting files from: public
[info] +  hosting[utssupply-stationery]: Local server: http://localhost:5000
[debug] [2018-09-02T04:39:30.884Z] ----------------------------------------------------------------------
[debug] [2018-09-02T04:39:30.884Z] Command:       C:\Program Files\nodejs\node.exe C:\Users\Whyte\AppData\Roaming\npm\node_modules\firebase-tools\bin\firebase serve
[debug] [2018-09-02T04:39:30.884Z] CLI Version:   4.2.0
[debug] [2018-09-02T04:39:30.884Z] Platform:      win32
[debug] [2018-09-02T04:39:30.884Z] Node Version:  v8.11.4
[debug] [2018-09-02T04:39:30.884Z] Time:          Sun Sep 02 2018 14:39:30 GMT+1000 (AUS Eastern Standard Time)
[debug] [2018-09-02T04:39:30.884Z] ----------------------------------------------------------------------
[debug] 
[debug] [2018-09-02T04:39:31.014Z] > command requires scopes: ["email","openid","https://www.googleapis.com/auth/cloudplatformprojects.readonly","https://www.googleapis.com/auth/firebase","https://www.googleapis.com/auth/cloud-platform"]
[debug] [2018-09-02T04:39:31.014Z] > authorizing via signed-in user
[debug] [2018-09-02T04:39:31.014Z] > refreshing access token with scopes: ["email","https://www.googleapis.com/auth/cloud-platform","https://www.googleapis.com/auth/cloudplatformprojects.readonly","https://www.googleapis.com/auth/firebase","openid"]
[debug] [2018-09-02T04:39:31.014Z] >>> HTTP REQUEST POST https://www.googleapis.com/oauth2/v3/token  

[debug] [2018-09-02T04:39:31.501Z] <<< HTTP RESPONSE 200
[debug] [2018-09-02T04:39:31.617Z] >>> HTTP REQUEST GET https://admin.firebase.com/v1/projects/utssupply-stationery  
 
[debug] [2018-09-02T04:39:32.873Z] <<< HTTP RESPONSE 200
[debug] [2018-09-02T04:39:32.873Z] >>> HTTP REQUEST GET https://cloudresourcemanager.googleapis.com/v1/projects/utssupply-stationery  
 
[debug] [2018-09-02T04:39:34.407Z] <<< HTTP RESPONSE 200
[info] 
[info] === Serving from 'C:\Users\Whyte\Desktop\Bachelor of Science in Information Technology\Software Engineering Practice\UTSupply Stationery'...
[info] 
[debug] [2018-09-02T04:39:34.423Z] >>> HTTP REQUEST GET https://mobilesdk-pa.googleapis.com/v1/projects/333420959904/clients/_:getWebAppConfig  
 
[debug] [2018-09-02T04:39:35.310Z] <<< HTTP RESPONSE 200
[info] i  hosting[utssupply-stationery]: Serving hosting files from: public
[info] +  hosting[utssupply-stationery]: Local server: http://localhost:5000
[debug] [2018-09-02T06:59:14.030Z] ----------------------------------------------------------------------
[debug] [2018-09-02T06:59:14.030Z] Command:       C:\Program Files\nodejs\node.exe C:\Users\Whyte\AppData\Roaming\npm\node_modules\firebase-tools\bin\firebase serve
[debug] [2018-09-02T06:59:14.030Z] CLI Version:   4.2.0
[debug] [2018-09-02T06:59:14.030Z] Platform:      win32
[debug] [2018-09-02T06:59:14.030Z] Node Version:  v8.11.4
[debug] [2018-09-02T06:59:14.030Z] Time:          Sun Sep 02 2018 16:59:14 GMT+1000 (AUS Eastern Standard Time)
[debug] [2018-09-02T06:59:14.030Z] ----------------------------------------------------------------------
[debug] 
[debug] [2018-09-02T06:59:14.045Z] > command requires scopes: ["email","openid","https://www.googleapis.com/auth/cloudplatformprojects.readonly","https://www.googleapis.com/auth/firebase","https://www.googleapis.com/auth/cloud-platform"]
[debug] [2018-09-02T06:59:14.045Z] > authorizing via signed-in user
[debug] [2018-09-02T06:59:14.045Z] > refreshing access token with scopes: ["email","https://www.googleapis.com/auth/cloud-platform","https://www.googleapis.com/auth/cloudplatformprojects.readonly","https://www.googleapis.com/auth/firebase","openid"]
[debug] [2018-09-02T06:59:14.045Z] >>> HTTP REQUEST POST https://www.googleapis.com/oauth2/v3/token  

[debug] [2018-09-02T06:59:14.484Z] <<< HTTP RESPONSE 200
[debug] [2018-09-02T06:59:14.547Z] >>> HTTP REQUEST GET https://admin.firebase.com/v1/projects/utssupply-stationery  
 
[debug] [2018-09-02T06:59:16.240Z] <<< HTTP RESPONSE 200
[debug] [2018-09-02T06:59:16.240Z] >>> HTTP REQUEST GET https://cloudresourcemanager.googleapis.com/v1/projects/utssupply-stationery  
 
[debug] [2018-09-02T06:59:17.715Z] <<< HTTP RESPONSE 200
[info] 
[info] === Serving from 'C:\Users\Whyte\Desktop\Bachelor of Science in Information Technology\Software Engineering Practice\UTSupply Stationery'...
[info] 
[debug] [2018-09-02T06:59:17.715Z] >>> HTTP REQUEST GET https://mobilesdk-pa.googleapis.com/v1/projects/333420959904/clients/_:getWebAppConfig  
 
[debug] [2018-09-02T06:59:18.633Z] <<< HTTP RESPONSE 200
[info] i  hosting[utssupply-stationery]: Serving hosting files from: public
[info] +  hosting[utssupply-stationery]: Local server: http://localhost:5000
